{"level":"ERROR","location":"[get_call:165] fyersModel","message":{"API":"/history","Error":{"code":-403,"message":"Additional permission required. Please edit the app and regenerate access token","s":"error"}},"timestamp":"2026-06-01 12:54:37,967+0530","service":"FyersAPI","taskName":"Task-77"}
{"level":"ERROR","location":"[get_call:165] fyersModel","message":{"API":"/history","Error":{"code":-403,"message":"Additional permission required. Please edit the app and regenerate access token","s":"error"}},"timestamp":"2026-06-01 12:55:28,345+0530","service":"FyersAPI","taskName":"Task-166"}
{"level":"ERROR","location":"[get_call:165] fyersModel","message":{"API":"/history","Error":{"code":-403,"message":"Additional permission required. Please edit the app and regenerate access token","s":"error"}},"timestamp":"2026-06-01 12:55:55,968+0530","service":"FyersAPI","taskName":"Task-431"}
{"level":"ERROR","location":"[get_call:165] fyersModel","message":{"API":"/history","Error":{"code":-403,"message":"Additional permission required. Please edit the app and regenerate access token","s":"error"}},"timestamp":"2026-06-01 12:55:56,972+0530","service":"FyersAPI","taskName":"Task-441"}
{"level":"ERROR","location":"[get_call:165] fyersModel","message":{"API":"/history","Error":{"code":-403,"message":"Additional permission required. Please edit the app and regenerate access token","s":"error"}},"timestamp":"2026-06-01 13:47:11,642+0530","service":"FyersAPI","taskName":"Task-111"}
{"level":"ERROR","location":"[get_call:165] fyersModel","message":{"API":"/history","Error":{"code":-403,"message":"Additional permission required. Please edit the app and regenerate access token","s":"error"}},"timestamp":"2026-06-01 13:47:31,992+0530","service":"FyersAPI","taskName":"Task-133"}
{"level":"ERROR","location":"[get_call:165] fyersModel","message":{"API":"/history","Error":{"code":-403,"message":"Additional permission required. Please edit the app and regenerate access token","s":"error"}},"timestamp":"2026-06-01 13:47:42,296+0530","service":"FyersAPI","taskName":"Task-156"}
{"level":"ERROR","location":"[get_call:165] fyersModel","message":{"API":"/history","Error":{"code":-403,"message":"Additional permission required. Please edit the app and regenerate access token","s":"error"}},"timestamp":"2026-06-01 14:09:12,803+0530","service":"FyersAPI","taskName":"Task-113"}
{"level":"ERROR","location":"[get_call:165] fyersModel","message":{"API":"/history","Error":{"code":-403,"message":"Additional permission required. Please edit the app and regenerate access token","s":"error"}},"timestamp":"2026-06-01 14:09:33,213+0530","service":"FyersAPI","taskName":"Task-140"}
{"level":"ERROR","location":"[get_call:165] fyersModel","message":{"API":"/history","Error":{"code":-403,"message":"Additional permission required. Please edit the app and regenerate access token","s":"error"}},"timestamp":"2026-06-01 14:10:16,468+0530","service":"FyersAPI","taskName":"Task-215"}
{"level":"ERROR","location":"[get_call:165] fyersModel","message":{"API":"/history","Error":{"code":-403,"message":"Additional permission required. Please edit the app and regenerate access token","s":"error"}},"timestamp":"2026-06-01 14:20:46,195+0530","service":"FyersAPI","taskName":"Task-88"}
{"level":"ERROR","location":"[get_call:165] fyersModel","message":{"API":"/history","Error":{"code":-403,"message":"Additional permission required. Please edit the app and regenerate access token","s":"error"}},"timestamp":"2026-06-01 14:33:08,236+0530","service":"FyersAPI","taskName":"Task-1515"}
{"level":"ERROR","location":"[get_call:165] fyersModel","message":{"API":"/history","Error":{"code":-403,"message":"Additional permission required. Please edit the app and regenerate access token","s":"error"}},"timestamp":"2026-06-01 14:34:48,858+0530","service":"FyersAPI","taskName":"Task-1703"}
{"level":"ERROR","location":"[get_call:165] fyersModel","message":{"API":"/history","Error":{"code":-403,"message":"Additional permission required. Please edit the app and regenerate access token","s":"error"}},"timestamp":"2026-06-01 14:39:09,232+0530","service":"FyersAPI","taskName":"Task-2326"}
{"level":"ERROR","location":"[get_call:165] fyersModel","message":{"API":"/history","Error":{"code":-403,"message":"Additional permission required. Please edit the app and regenerate access token","s":"error"}},"timestamp":"2026-06-01 15:02:36,295+0530","service":"FyersAPI","taskName":"Task-5424"}
{"level":"ERROR","location":"[get_call:165] fyersModel","message":{"API":"/history","Error":{"code":-403,"message":"Additional permission required. Please edit the app and regenerate access token","s":"error"}},"timestamp":"2026-06-01 19:52:41,372+0530","service":"FyersAPI","taskName":"Task-330"}
{"level":"ERROR","location":"[get_call:165] fyersModel","message":{"API":"/history","Error":{"code":-403,"message":"Additional permission required. Please edit the app and regenerate access token","s":"error"}},"timestamp":"2026-06-01 19:53:21,723+0530","service":"FyersAPI","taskName":"Task-339"}
{"level":"ERROR","location":"[get_call:165] fyersModel","message":{"API":"/history","Error":{"code":-403,"message":"Additional permission required. Please edit the app and regenerate access token","s":"error"}},"timestamp":"2026-06-01 19:54:19,854+0530","service":"FyersAPI","taskName":"Task-353"}
{"level":"ERROR","location":"[get_call:165] fyersModel","message":{"API":"/history","Error":{"code":-403,"message":"Additional permission required. Please edit the app and regenerate access token","s":"error"}},"timestamp":"2026-06-01 19:54:51,186+0530","service":"FyersAPI","taskName":"Task-369"}
{"level":"ERROR","location":"[get_call:165] fyersModel","message":{"API":"/history","Error":{"code":-403,"message":"Additional permission required. Please edit the app and regenerate access token","s":"error"}},"timestamp":"2026-06-01 19:55:42,909+0530","service":"FyersAPI","taskName":"Task-383"}
{"level":"ERROR","location":"[get_call:165] fyersModel","message":{"API":"/history","Error":{"code":-403,"message":"Additional permission required. Please edit the app and regenerate access token","s":"error"}},"timestamp":"2026-06-01 20:05:44,120+0530","service":"FyersAPI","taskName":"Task-417"}
{"level":"ERROR","location":"[get_call:165] fyersModel","message":{"API":"/history","Error":{"code":-403,"message":"Additional permission required. Please edit the app and regenerate access token","s":"error"}},"timestamp":"2026-06-01 20:13:55,492+0530","service":"FyersAPI","taskName":"Task-450"}
{"level":"ERROR","location":"[get_call:165] fyersModel","message":{"API":"/history","Error":{"code":-403,"message":"Additional permission required. Please edit the app and regenerate access token","s":"error"}},"timestamp":"2026-06-01 20:14:35,819+0530","service":"FyersAPI","taskName":"Task-466"}
{"level":"ERROR","location":"[get_call:165] fyersModel","message":{"API":"/history","Error":{"code":-403,"message":"Additional permission required. Please edit the app and regenerate access token","s":"error"}},"timestamp":"2026-06-02 09:48:30,198+0530","service":"FyersAPI","taskName":"Task-555"}
{"level":"ERROR","location":"[get_call:165] fyersModel","message":{"API":"/history","Error":{"code":-403,"message":"Additional permission required. Please edit the app and regenerate access token","s":"error"}},"timestamp":"2026-06-02 11:28:10,394+0530","service":"FyersAPI","taskName":"Task-10930"}
{"level":"ERROR","location":"[get_call:165] fyersModel","message":{"API":"/history","Error":{"code":-403,"message":"Additional permission required. Please edit the app and regenerate access token","s":"error"}},"timestamp":"2026-06-02 11:45:43,118+0530","service":"FyersAPI","taskName":"Task-14202"}
{"level":"ERROR","location":"[get_call:165] fyersModel","message":{"API":"/history","Error":{"code":-403,"message":"Additional permission required. Please edit the app and regenerate access token","s":"error"}},"timestamp":"2026-06-02 11:46:04,218+0530","service":"FyersAPI","taskName":"Task-14254"}
{"level":"ERROR","location":"[get_call:165] fyersModel","message":{"API":"/history","Error":{"code":-403,"message":"Additional permission required. Please edit the app and regenerate access token","s":"error"}},"timestamp":"2026-06-02 14:10:22,832+0530","service":"FyersAPI","taskName":"Task-407"}
{"level":"ERROR","location":"[get_call:165] fyersModel","message":{"API":"/history","Error":{"code":-403,"message":"Additional permission required. Please edit the app and regenerate access token","s":"error"}},"timestamp":"2026-06-02 14:24:20,756+0530","service":"FyersAPI","taskName":"Task-95"}
{"level":"ERROR","location":"[get_call:165] fyersModel","message":{"API":"/history","Error":{"code":-403,"message":"Additional permission required. Please edit the app and regenerate access token","s":"error"}},"timestamp":"2026-06-02 14:41:34,760+0530","service":"FyersAPI","taskName":"Task-241"}
{"level":"ERROR","location":"[get_call:169] fyersModel","message":{"API":"/history","Error":{"code":-403,"message":"Additional permission required. Please edit the app and regenerate access token","s":"error"}},"timestamp":"2026-06-06 02:09:12,054+0530","service":"FyersAPI"}
{"level":"ERROR","location":"[get_call:169] fyersModel","message":{"API":"/history","Error":{"code":-403,"message":"Additional permission required. Please edit the app and regenerate access token","s":"error"}},"timestamp":"2026-06-07 22:54:51,125+0530","service":"FyersAPI"}
{"level":"ERROR","location":"[get_call:169] fyersModel","message":{"API":"/history","Error":{"code":-403,"message":"Additional permission required. Please edit the app and regenerate access token","s":"error"}},"timestamp":"2026-06-07 22:55:42,065+0530","service":"FyersAPI"}
{"level":"ERROR","location":"[get_call:169] fyersModel","message":{"API":"/history","Error":{"code":-403,"message":"Additional permission required. Please edit the app and regenerate access token","s":"error"}},"timestamp":"2026-06-07 22:55:58,853+0530","service":"FyersAPI"}
{"level":"ERROR","location":"[get_call:169] fyersModel","message":{"API":"/history","Error":{"code":-403,"message":"Additional permission required. Please edit the app and regenerate access token","s":"error"}},"timestamp":"2026-06-07 23:28:00,040+0530","service":"FyersAPI"}
{"level":"ERROR","location":"[get_call:169] fyersModel","message":{"API":"/history","Error":{"code":-403,"message":"Additional permission required. Please edit the app and regenerate access token","s":"error"}},"timestamp":"2026-06-07 23:28:04,344+0530","service":"FyersAPI"}
{"level":"ERROR","location":"[get_call:169] fyersModel","message":{"API":"/history","Error":{"code":-403,"message":"Additional permission required. Please edit the app and regenerate access token","s":"error"}},"timestamp":"2026-06-07 23:30:20,144+0530","service":"FyersAPI"}
{"level":"ERROR","location":"[get_call:169] fyersModel","message":{"API":"/history","Error":{"code":-403,"message":"Additional permission required. Please edit the app and regenerate access token","s":"error"}},"timestamp":"2026-06-07 23:30:40,043+0530","service":"FyersAPI"}
{"level":"ERROR","location":"[get_call:169] fyersModel","message":{"API":"/history","Error":{"code":-403,"message":"Additional permission required. Please edit the app and regenerate access token","s":"error"}},"timestamp":"2026-06-07 23:31:16,234+0530","service":"FyersAPI"}
{"level":"ERROR","location":"[get_call:169] fyersModel","message":{"API":"/history","Error":{"code":-403,"message":"Additional permission required. Please edit the app and regenerate access token","s":"error"}},"timestamp":"2026-06-07 23:32:41,783+0530","service":"FyersAPI"}
{"level":"ERROR","location":"[get_call:169] fyersModel","message":{"API":"/history","Error":{"code":-403,"message":"Additional permission required. Please edit the app and regenerate access token","s":"error"}},"timestamp":"2026-06-07 23:33:25,390+0530","service":"FyersAPI"}
{"level":"ERROR","location":"[get_call:169] fyersModel","message":{"API":"/history","Error":{"code":-403,"message":"Additional permission required. Please edit the app and regenerate access token","s":"error"}},"timestamp":"2026-06-07 23:33:37,344+0530","service":"FyersAPI"}
{"level":"ERROR","location":"[get_call:169] fyersModel","message":{"API":"/history","Error":{"code":-403,"message":"Additional permission required. Please edit the app and regenerate access token","s":"error"}},"timestamp":"2026-06-07 23:33:47,861+0530","service":"FyersAPI"}
{"level":"ERROR","location":"[get_call:169] fyersModel","message":{"API":"/history","Error":{"code":-403,"message":"Additional permission required. Please edit the app and regenerate access token","s":"error"}},"timestamp":"2026-06-07 23:33:59,322+0530","service":"FyersAPI"}
{"level":"ERROR","location":"[get_call:169] fyersModel","message":{"API":"/history","Error":{"code":-403,"message":"Additional permission required. Please edit the app and regenerate access token","s":"error"}},"timestamp":"2026-06-07 23:34:09,509+0530","service":"FyersAPI"}
{"level":"ERROR","location":"[get_call:169] fyersModel","message":{"API":"/history","Error":{"code":-403,"message":"Additional permission required. Please edit the app and regenerate access token","s":"error"}},"timestamp":"2026-06-07 23:34:30,267+0530","service":"FyersAPI"}
{"level":"ERROR","location":"[get_call:169] fyersModel","message":{"API":"/history","Error":{"code":-403,"message":"Additional permission required. Please edit the app and regenerate access token","s":"error"}},"timestamp":"2026-06-07 23:34:38,961+0530","service":"FyersAPI"}
{"level":"ERROR","location":"[get_call:169] fyersModel","message":{"API":"/history","Error":{"code":-403,"message":"Additional permission required. Please edit the app and regenerate access token","s":"error"}},"timestamp":"2026-06-07 23:34:50,237+0530","service":"FyersAPI"}
{"level":"ERROR","location":"[get_call:169] fyersModel","message":{"API":"/history","Error":{"code":-403,"message":"Additional permission required. Please edit the app and regenerate access token","s":"error"}},"timestamp":"2026-06-07 23:34:55,346+0530","service":"FyersAPI"}
{"level":"ERROR","location":"[get_call:169] fyersModel","message":{"API":"/history","Error":{"code":-403,"message":"Additional permission required. Please edit the app and regenerate access token","s":"error"}},"timestamp":"2026-06-07 23:38:06,611+0530","service":"FyersAPI"}
{"level":"ERROR","location":"[get_call:169] fyersModel","message":{"API":"/history","Error":{"code":-403,"message":"Additional permission required. Please edit the app and regenerate access token","s":"error"}},"timestamp":"2026-06-07 23:38:28,136+0530","service":"FyersAPI"}
{"level":"ERROR","location":"[get_call:169] fyersModel","message":{"API":"/history","Error":{"code":-403,"message":"Additional permission required. Please edit the app and regenerate access token","s":"error"}},"timestamp":"2026-06-07 23:39:53,147+0530","service":"FyersAPI"}
{"level":"ERROR","location":"[get_call:169] fyersModel","message":{"API":"/history","Error":{"code":-403,"message":"Additional permission required. Please edit the app and regenerate access token","s":"error"}},"timestamp":"2026-06-08 00:31:10,850+0530","service":"FyersAPI"}
{"level":"ERROR","location":"[get_call:169] fyersModel","message":{"API":"/history","Error":{"code":-403,"message":"Additional permission required. Please edit the app and regenerate access token","s":"error"}},"timestamp":"2026-06-08 00:31:31,786+0530","service":"FyersAPI"}
{"level":"ERROR","location":"[get_call:169] fyersModel","message":{"API":"/history","Error":{"code":-403,"message":"Additional permission required. Please edit the app and regenerate access token","s":"error"}},"timestamp":"2026-06-08 00:31:42,397+0530","service":"FyersAPI"}
{"level":"ERROR","location":"[get_call:169] fyersModel","message":{"API":"/history","Error":{"code":-403,"message":"Additional permission required. Please edit the app and regenerate access token","s":"error"}},"timestamp":"2026-06-08 00:33:05,341+0530","service":"FyersAPI"}
{"level":"ERROR","location":"[get_call:169] fyersModel","message":{"API":"/history","Error":{"code":-403,"message":"Additional permission required. Please edit the app and regenerate access token","s":"error"}},"timestamp":"2026-06-08 00:52:07,156+0530","service":"FyersAPI"}
{"level":"ERROR","location":"[get_call:169] fyersModel","message":{"API":"/history","Error":{"code":-403,"message":"Additional permission required. Please edit the app and regenerate access token","s":"error"}},"timestamp":"2026-06-08 00:53:31,093+0530","service":"FyersAPI"}
{"level":"ERROR","location":"[get_call:169] fyersModel","message":{"API":"/history","Error":{"code":-403,"message":"Additional permission required. Please edit the app and regenerate access token","s":"error"}},"timestamp":"2026-06-08 01:29:45,329+0530","service":"FyersAPI"}
{"level":"ERROR","location":"[get_call:169] fyersModel","message":{"API":"/history","Error":{"code":-403,"message":"Additional permission required. Please edit the app and regenerate access token","s":"error"}},"timestamp":"2026-06-08 01:29:55,986+0530","service":"FyersAPI"}
{"level":"ERROR","location":"[get_call:169] fyersModel","message":{"API":"/history","Error":{"code":-403,"message":"Additional permission required. Please edit the app and regenerate access token","s":"error"}},"timestamp":"2026-06-08 01:30:10,096+0530","service":"FyersAPI"}
{"level":"ERROR","location":"[get_call:169] fyersModel","message":{"API":"/history","Error":{"code":-403,"message":"Additional permission required. Please edit the app and regenerate access token","s":"error"}},"timestamp":"2026-06-08 01:30:20,724+0530","service":"FyersAPI"}
{"level":"ERROR","location":"[get_call:169] fyersModel","message":{"API":"/history","Error":{"code":-403,"message":"Additional permission required. Please edit the app and regenerate access token","s":"error"}},"timestamp":"2026-06-08 01:32:01,334+0530","service":"FyersAPI"}
{"level":"ERROR","location":"[get_call:169] fyersModel","message":{"API":"/history","Error":{"code":-403,"message":"Additional permission required. Please edit the app and regenerate access token","s":"error"}},"timestamp":"2026-06-08 01:33:26,948+0530","service":"FyersAPI"}
{"level":"ERROR","location":"[get_call:169] fyersModel","message":{"API":"/history","Error":{"code":-403,"message":"Additional permission required. Please edit the app and regenerate access token","s":"error"}},"timestamp":"2026-06-08 09:27:10,649+0530","service":"FyersAPI"}
{"level":"ERROR","location":"[get_call:169] fyersModel","message":{"API":"/history","Error":{"code":-403,"message":"Additional permission required. Please edit the app and regenerate access token","s":"error"}},"timestamp":"2026-06-10 13:29:32,323+0530","service":"FyersAPI","taskName":"Task-443"}
{"level":"ERROR","location":"[get_call:169] fyersModel","message":{"API":"/history","Error":{"code":-403,"message":"Additional permission required. Please edit the app and regenerate access token","s":"error"}},"timestamp":"2026-06-10 13:40:35,078+0530","service":"FyersAPI","taskName":"Task-225"}
{"level":"ERROR","location":"[get_call:169] fyersModel","message":{"API":"/history","Error":{"code":-403,"message":"Additional permission required. Please edit the app and regenerate access token","s":"error"}},"timestamp":"2026-06-10 14:48:00,504+0530","service":"FyersAPI","taskName":"Task-58"}
{"level":"ERROR","location":"[get_call:169] fyersModel","message":{"API":"/history","Error":{"code":-403,"message":"Additional permission required. Please edit the app and regenerate access token","s":"error"}},"timestamp":"2026-06-10 14:48:30,784+0530","service":"FyersAPI","taskName":"Task-131"}
{"level":"ERROR","location":"[get_call:169] fyersModel","message":{"API":"/history","Error":{"code":-403,"message":"Additional permission required. Please edit the app and regenerate access token","s":"error"}},"timestamp":"2026-06-10 14:49:12,175+0530","service":"FyersAPI","taskName":"Task-216"}
{"level":"ERROR","location":"[get_call:169] fyersModel","message":{"API":"/history","Error":{"code":-403,"message":"Additional permission required. Please edit the app and regenerate access token","s":"error"}},"timestamp":"2026-06-10 14:49:32,387+0530","service":"FyersAPI","taskName":"Task-291"}
{"level":"ERROR","location":"[get_call:169] fyersModel","message":{"API":"/history","Error":{"code":-403,"message":"Additional permission required. Please edit the app and regenerate access token","s":"error"}},"timestamp":"2026-06-10 14:49:43,662+0530","service":"FyersAPI","taskName":"Task-332"}
{"level":"ERROR","location":"[get_call:169] fyersModel","message":{"API":"/history","Error":{"code":-403,"message":"Additional permission required. Please edit the app and regenerate access token","s":"error"}},"timestamp":"2026-06-10 14:50:14,920+0530","service":"FyersAPI","taskName":"Task-423"}
{"level":"ERROR","location":"[get_call:169] fyersModel","message":{"API":"/history","Error":{"code":-403,"message":"Additional permission required. Please edit the app and regenerate access token","s":"error"}},"timestamp":"2026-06-10 14:52:26,310+0530","service":"FyersAPI","taskName":"Task-699"}
{"level":"ERROR","location":"[get_call:169] fyersModel","message":{"API":"/history","Error":{"code":-403,"message":"Additional permission required. Please edit the app and regenerate access token","s":"error"}},"timestamp":"2026-06-10 14:54:07,724+0530","service":"FyersAPI","taskName":"Task-1256"}
{"level":"ERROR","location":"[get_call:169] fyersModel","message":{"API":"/history","Error":{"code":-403,"message":"Additional permission required. Please edit the app and regenerate access token","s":"error"}},"timestamp":"2026-06-10 15:13:34,685+0530","service":"FyersAPI","taskName":"Task-3531"}
{"level":"ERROR","location":"[get_call:169] fyersModel","message":{"API":"/history","Error":{"code":-403,"message":"Additional permission required. Please edit the app and regenerate access token","s":"error"}},"timestamp":"2026-06-10 15:14:35,097+0530","service":"FyersAPI","taskName":"Task-3682"}
{"level":"ERROR","location":"[get_call:169] fyersModel","message":{"API":"/history","Error":{"code":-403,"message":"Additional permission required. Please edit the app and regenerate access token","s":"error"}},"timestamp":"2026-06-10 15:15:36,537+0530","service":"FyersAPI","taskName":"Task-3793"}
{"level":"ERROR","location":"[get_call:169] fyersModel","message":{"API":"/history","Error":{"code":-403,"message":"Additional permission required. Please edit the app and regenerate access token","s":"error"}},"timestamp":"2026-06-10 15:16:18,002+0530","service":"FyersAPI","taskName":"Task-3935"}
{"level":"ERROR","location":"[get_call:169] fyersModel","message":{"API":"/history","Error":{"code":-403,"message":"Additional permission required. Please edit the app and regenerate access token","s":"error"}},"timestamp":"2026-06-10 15:16:29,475+0530","service":"FyersAPI","taskName":"Task-3950"}
{"level":"ERROR","location":"[get_call:169] fyersModel","message":{"API":"/history","Error":{"code":-403,"message":"Additional permission required. Please edit the app and regenerate access token","s":"error"}},"timestamp":"2026-06-10 15:17:10,849+0530","service":"FyersAPI","taskName":"Task-4094"}
{"level":"ERROR","location":"[get_call:169] fyersModel","message":{"API":"/history","Error":{"code":-403,"message":"Additional permission required. Please edit the app and regenerate access token","s":"error"}},"timestamp":"2026-06-10 15:19:32,363+0530","service":"FyersAPI","taskName":"Task-4327"}
{"level":"ERROR","location":"[get_call:169] fyersModel","message":{"API":"/history","Error":{"code":-403,"message":"Additional permission required. Please edit the app and regenerate access token","s":"error"}},"timestamp":"2026-06-10 15:19:42,906+0530","service":"FyersAPI","taskName":"Task-4342"}
{"level":"ERROR","location":"[get_call:169] fyersModel","message":{"API":"/history","Error":{"code":-403,"message":"Additional permission required. Please edit the app and regenerate access token","s":"error"}},"timestamp":"2026-06-10 15:20:04,312+0530","service":"FyersAPI","taskName":"Task-4430"}
{"level":"ERROR","location":"[get_call:169] fyersModel","message":{"API":"/history","Error":{"code":-403,"message":"Additional permission required. Please edit the app and regenerate access token","s":"error"}},"timestamp":"2026-06-10 15:26:05,886+0530","service":"FyersAPI","taskName":"Task-4966"}
{"level":"ERROR","location":"[get_call:169] fyersModel","message":{"API":"/history","Error":{"code":-403,"message":"Additional permission required. Please edit the app and regenerate access token","s":"error"}},"timestamp":"2026-06-11 01:46:33,362+0530","service":"FyersAPI"}
{"level":"ERROR","location":"[get_call:169] fyersModel","message":{"API":"/history","Error":{"code":-403,"message":"Additional permission required. Please edit the app and regenerate access token","s":"error"}},"timestamp":"2026-06-11 01:46:53,731+0530","service":"FyersAPI"}
{"level":"ERROR","location":"[get_call:169] fyersModel","message":{"API":"/history","Error":{"code":-403,"message":"Additional permission required. Please edit the app and regenerate access token","s":"error"}},"timestamp":"2026-06-11 09:27:48,433+0530","service":"FyersAPI"}
{"level":"ERROR","location":"[get_call:169] fyersModel","message":{"API":"/history","Error":{"code":-403,"message":"Additional permission required. Please edit the app and regenerate access token","s":"error"}},"timestamp":"2026-06-11 09:28:09,881+0530","service":"FyersAPI"}
{"level":"ERROR","location":"[get_call:169] fyersModel","message":{"API":"/history","Error":{"code":-403,"message":"Additional permission required. Please edit the app and regenerate access token","s":"error"}},"timestamp":"2026-06-11 10:00:22,966+0530","service":"FyersAPI"}
{"level":"ERROR","location":"[get_call:169] fyersModel","message":{"API":"/history","Error":{"code":-403,"message":"Additional permission required. Please edit the app and regenerate access token","s":"error"}},"timestamp":"2026-06-11 10:00:33,805+0530","service":"FyersAPI"}
{"level":"ERROR","location":"[get_call:169] fyersModel","message":{"API":"/history","Error":{"code":-403,"message":"Additional permission required. Please edit the app and regenerate access token","s":"error"}},"timestamp":"2026-06-11 10:01:14,500+0530","service":"FyersAPI"}
{"level":"ERROR","location":"[get_call:187] fyersModel","message":{"API":"/options-chain-v3","error":"HTTPSConnectionPool(host='api-t1.fyers.in', port=443): Max retries exceeded with url: /data/options-chain-v3?symbol=BSE%3ASENSEX-INDEX&strikecount=10 (Caused by SSLError(SSLError(1, '[SSL: SSLV3_ALERT_BAD_RECORD_MAC] sslv3 alert bad record mac (_ssl.c:2536)')))"},"timestamp":"2026-06-11 10:24:37,041+0530","service":"FyersAPI"}
{"level":"ERROR","location":"[get_call:169] fyersModel","message":{"API":"/history","Error":{"code":-403,"message":"Additional permission required. Please edit the app and regenerate access token","s":"error"}},"timestamp":"2026-06-12 09:30:45,168+0530","service":"FyersAPI"}
{"level":"ERROR","location":"[get_call:169] fyersModel","message":{"API":"/history","Error":{"code":-403,"message":"Additional permission required. Please edit the app and regenerate access token","s":"error"}},"timestamp":"2026-06-12 09:34:45,595+0530","service":"FyersAPI"}
{"level":"ERROR","location":"[get_call:169] fyersModel","message":{"API":"/history","Error":{"code":-403,"message":"Additional permission required. Please edit the app and regenerate access token","s":"error"}},"timestamp":"2026-06-12 10:53:53,691+0530","service":"FyersAPI"}
{"level":"ERROR","location":"[get_call:169] fyersModel","message":{"API":"/history","Error":{"code":-403,"message":"Additional permission required. Please edit the app and regenerate access token","s":"error"}},"timestamp":"2026-06-12 10:54:54,441+0530","service":"FyersAPI"}
{"level":"ERROR","location":"[get_call:169] fyersModel","message":{"API":"/history","Error":{"code":-403,"message":"Additional permission required. Please edit the app and regenerate access token","s":"error"}},"timestamp":"2026-06-15 09:04:54,845+0530","service":"FyersAPI"}
{"level":"ERROR","location":"[get_call:187] fyersModel","message":{"API":"/options-chain-v3","error":"('Connection aborted.', RemoteDisconnected('Remote end closed connection without response'))"},"timestamp":"2026-06-15 09:23:03,106+0530","service":"FyersAPI"}
{"level":"ERROR","location":"[get_call:169] fyersModel","message":{"API":"/history","Error":{"code":-403,"message":"Additional permission required. Please edit the app and regenerate access token","s":"error"}},"timestamp":"2026-06-15 09:43:45,634+0530","service":"FyersAPI"}
{"level":"ERROR","location":"[get_call:169] fyersModel","message":{"API":"/history","Error":{"code":-403,"message":"Additional permission required. Please edit the app and regenerate access token","s":"error"}},"timestamp":"2026-06-15 09:43:56,280+0530","service":"FyersAPI"}
{"level":"ERROR","location":"[get_call:187] fyersModel","message":{"API":"/options-chain-v3","error":"('Connection aborted.', RemoteDisconnected('Remote end closed connection without response'))"},"timestamp":"2026-06-15 10:09:30,119+0530","service":"FyersAPI"}
{"level":"ERROR","location":"[get_call:187] fyersModel","message":{"API":"/options-chain-v3","error":"('Connection aborted.', RemoteDisconnected('Remote end closed connection without response'))"},"timestamp":"2026-06-15 10:09:55,062+0530","service":"FyersAPI"}
{"level":"ERROR","location":"[get_call:187] fyersModel","message":{"API":"/options-chain-v3","error":"('Connection aborted.', RemoteDisconnected('Remote end closed connection without response'))"},"timestamp":"2026-06-15 10:10:13,608+0530","service":"FyersAPI"}
{"level":"ERROR","location":"[get_call:187] fyersModel","message":{"API":"/options-chain-v3","error":"HTTPSConnectionPool(host='api-t1.fyers.in', port=443): Max retries exceeded with url: /data/options-chain-v3?symbol=NSE%3ANIFTY50-INDEX&strikecount=10 (Caused by ConnectTimeoutError(<HTTPSConnection(host='api-t1.fyers.in', port=443) at 0x1ee8758e8c0>, 'Connection to api-t1.fyers.in timed out. (connect timeout=None)'))"},"timestamp":"2026-06-15 10:10:38,926+0530","service":"FyersAPI"}
{"level":"ERROR","location":"[get_call:187] fyersModel","message":{"API":"/options-chain-v3","error":"HTTPSConnectionPool(host='api-t1.fyers.in', port=443): Max retries exceeded with url: /data/options-chain-v3?symbol=NSE%3ANIFTY50-INDEX&strikecount=10 (Caused by ConnectTimeoutError(<HTTPSConnection(host='api-t1.fyers.in', port=443) at 0x1ee8758e860>, 'Connection to api-t1.fyers.in timed out. (connect timeout=None)'))"},"timestamp":"2026-06-15 10:10:38,927+0530","service":"FyersAPI"}
{"level":"ERROR","location":"[get_call:187] fyersModel","message":{"API":"/options-chain-v3","error":"('Connection aborted.', RemoteDisconnected('Remote end closed connection without response'))"},"timestamp":"2026-06-15 10:11:26,407+0530","service":"FyersAPI"}
{"level":"ERROR","location":"[get_call:187] fyersModel","message":{"API":"/options-chain-v3","error":"HTTPSConnectionPool(host='api-t1.fyers.in', port=443): Max retries exceeded with url: /data/options-chain-v3?symbol=NSE%3ANIFTY50-INDEX&strikecount=10 (Caused by ConnectTimeoutError(<HTTPSConnection(host='api-t1.fyers.in', port=443) at 0x1ee8760c760>, 'Connection to api-t1.fyers.in timed out. (connect timeout=None)'))"},"timestamp":"2026-06-15 10:11:32,219+0530","service":"FyersAPI"}
{"level":"ERROR","location":"[get_call:187] fyersModel","message":{"API":"/options-chain-v3","error":"HTTPSConnectionPool(host='api-t1.fyers.in', port=443): Max retries exceeded with url: /data/options-chain-v3?symbol=NSE%3ANIFTY50-INDEX&strikecount=10 (Caused by ConnectTimeoutError(<HTTPSConnection(host='api-t1.fyers.in', port=443) at 0x1ee8760e200>, 'Connection to api-t1.fyers.in timed out. (connect timeout=None)'))"},"timestamp":"2026-06-15 10:11:32,221+0530","service":"FyersAPI"}
{"level":"ERROR","location":"[get_call:187] fyersModel","message":{"API":"/options-chain-v3","error":"HTTPSConnectionPool(host='api-t1.fyers.in', port=443): Max retries exceeded with url: /data/options-chain-v3?symbol=NSE%3ANIFTY50-INDEX&strikecount=10 (Caused by SSLError(SSLEOFError(8, 'EOF occurred in violation of protocol (_ssl.c:997)')))"},"timestamp":"2026-06-15 10:11:51,121+0530","service":"FyersAPI"}
{"level":"ERROR","location":"[get_call:187] fyersModel","message":{"API":"/options-chain-v3","error":"('Connection aborted.', RemoteDisconnected('Remote end closed connection without response'))"},"timestamp":"2026-06-15 10:11:57,295+0530","service":"FyersAPI"}
{"level":"ERROR","location":"[get_call:187] fyersModel","message":{"API":"/options-chain-v3","error":"('Connection aborted.', RemoteDisconnected('Remote end closed connection without response'))"},"timestamp":"2026-06-15 10:12:03,833+0530","service":"FyersAPI"}
{"level":"ERROR","location":"[get_call:187] fyersModel","message":{"API":"/options-chain-v3","error":"('Connection aborted.', RemoteDisconnected('Remote end closed connection without response'))"},"timestamp":"2026-06-15 10:12:52,447+0530","service":"FyersAPI"}
{"level":"ERROR","location":"[get_call:187] fyersModel","message":{"API":"/options-chain-v3","error":"('Connection aborted.', RemoteDisconnected('Remote end closed connection without response'))"},"timestamp":"2026-06-15 10:16:16,289+0530","service":"FyersAPI"}
{"level":"ERROR","location":"[get_call:187] fyersModel","message":{"API":"/options-chain-v3","error":"('Connection aborted.', RemoteDisconnected('Remote end closed connection without response'))"},"timestamp":"2026-06-15 10:55:53,949+0530","service":"FyersAPI"}
{"level":"ERROR","location":"[get_call:187] fyersModel","message":{"API":"/options-chain-v3","error":"('Connection aborted.', RemoteDisconnected('Remote end closed connection without response'))"},"timestamp":"2026-06-15 11:02:50,962+0530","service":"FyersAPI"}
{"level":"ERROR","location":"[get_call:187] fyersModel","message":{"API":"/options-chain-v3","error":"('Connection aborted.', RemoteDisconnected('Remote end closed connection without response'))"},"timestamp":"2026-06-15 11:14:39,702+0530","service":"FyersAPI"}
{"level":"ERROR","location":"[get_call:187] fyersModel","message":{"API":"/options-chain-v3","error":"('Connection aborted.', RemoteDisconnected('Remote end closed connection without response'))"},"timestamp":"2026-06-15 11:27:00,707+0530","service":"FyersAPI"}
{"level":"ERROR","location":"[get_call:187] fyersModel","message":{"API":"/options-chain-v3","error":"('Connection aborted.', RemoteDisconnected('Remote end closed connection without response'))"},"timestamp":"2026-06-15 12:00:08,434+0530","service":"FyersAPI"}
{"level":"ERROR","location":"[get_call:187] fyersModel","message":{"API":"/options-chain-v3","error":"('Connection aborted.', RemoteDisconnected('Remote end closed connection without response'))"},"timestamp":"2026-06-15 12:30:46,318+0530","service":"FyersAPI"}
{"level":"ERROR","location":"[get_call:169] fyersModel","message":{"API":"/options-chain-v3","Error":{"message":"request limit reached","code":429,"s":"error"}},"timestamp":"2026-06-15 12:31:06,754+0530","service":"FyersAPI"}
{"level":"ERROR","location":"[get_call:169] fyersModel","message":{"API":"/options-chain-v3","Error":{"message":"request limit reached","code":429,"s":"error"}},"timestamp":"2026-06-15 12:31:06,780+0530","service":"FyersAPI"}
{"level":"ERROR","location":"[get_call:169] fyersModel","message":{"API":"/options-chain-v3","Error":{"message":"request limit reached","code":429,"s":"error"}},"timestamp":"2026-06-15 12:31:06,792+0530","service":"FyersAPI"}
{"level":"ERROR","location":"[get_call:169] fyersModel","message":{"API":"/options-chain-v3","Error":{"message":"request limit reached","code":429,"s":"error"}},"timestamp":"2026-06-15 12:31:06,812+0530","service":"FyersAPI"}
{"level":"ERROR","location":"[get_call:169] fyersModel","message":{"API":"/history","Error":{"code":-403,"message":"Additional permission required. Please edit the app and regenerate access token","s":"error"}},"timestamp":"2026-06-16 09:17:02,696+0530","service":"FyersAPI"}
{"level":"ERROR","location":"[get_call:187] fyersModel","message":{"API":"/options-chain-v3","error":"HTTPSConnectionPool(host='api-t1.fyers.in', port=443): Max retries exceeded with url: /data/options-chain-v3?symbol=NSE%3ANIFTY50-INDEX&strikecount=10 (Caused by NameResolutionError(\"HTTPSConnection(host='api-t1.fyers.in', port=443): Failed to resolve 'api-t1.fyers.in' ([Errno 11001] getaddrinfo failed)\"))"},"timestamp":"2026-06-16 09:25:58,815+0530","service":"FyersAPI"}
{"level":"ERROR","location":"[get_call:187] fyersModel","message":{"API":"/options-chain-v3","error":"HTTPSConnectionPool(host='api-t1.fyers.in', port=443): Max retries exceeded with url: /data/options-chain-v3?symbol=NSE%3ANIFTY50-INDEX&strikecount=10 (Caused by NameResolutionError(\"HTTPSConnection(host='api-t1.fyers.in', port=443): Failed to resolve 'api-t1.fyers.in' ([Errno 11001] getaddrinfo failed)\"))"},"timestamp":"2026-06-16 09:26:02,824+0530","service":"FyersAPI"}
{"level":"ERROR","location":"[get_call:187] fyersModel","message":{"API":"/options-chain-v3","error":"HTTPSConnectionPool(host='api-t1.fyers.in', port=443): Max retries exceeded with url: /data/options-chain-v3?symbol=NSE%3ANIFTY50-INDEX&strikecount=10 (Caused by NameResolutionError(\"HTTPSConnection(host='api-t1.fyers.in', port=443): Failed to resolve 'api-t1.fyers.in' ([Errno 11001] getaddrinfo failed)\"))"},"timestamp":"2026-06-16 09:26:07,486+0530","service":"FyersAPI"}
{"level":"ERROR","location":"[get_call:187] fyersModel","message":{"API":"/options-chain-v3","error":"HTTPSConnectionPool(host='api-t1.fyers.in', port=443): Max retries exceeded with url: /data/options-chain-v3?symbol=NSE%3ANIFTY50-INDEX&strikecount=10 (Caused by NameResolutionError(\"HTTPSConnection(host='api-t1.fyers.in', port=443): Failed to resolve 'api-t1.fyers.in' ([Errno 11001] getaddrinfo failed)\"))"},"timestamp":"2026-06-16 09:26:11,483+0530","service":"FyersAPI"}
{"level":"ERROR","location":"[get_call:187] fyersModel","message":{"API":"/options-chain-v3","error":"HTTPSConnectionPool(host='api-t1.fyers.in', port=443): Max retries exceeded with url: /data/options-chain-v3?symbol=NSE%3ANIFTY50-INDEX&strikecount=10 (Caused by NameResolutionError(\"HTTPSConnection(host='api-t1.fyers.in', port=443): Failed to resolve 'api-t1.fyers.in' ([Errno 11001] getaddrinfo failed)\"))"},"timestamp":"2026-06-16 09:26:15,485+0530","service":"FyersAPI"}
{"level":"ERROR","location":"[get_call:187] fyersModel","message":{"API":"/options-chain-v3","error":"HTTPSConnectionPool(host='api-t1.fyers.in', port=443): Max retries exceeded with url: /data/options-chain-v3?symbol=NSE%3ANIFTY50-INDEX&strikecount=10 (Caused by NameResolutionError(\"HTTPSConnection(host='api-t1.fyers.in', port=443): Failed to resolve 'api-t1.fyers.in' ([Errno 11001] getaddrinfo failed)\"))"},"timestamp":"2026-06-16 09:26:19,492+0530","service":"FyersAPI"}
{"level":"ERROR","location":"[get_call:187] fyersModel","message":{"API":"/options-chain-v3","error":"('Connection aborted.', RemoteDisconnected('Remote end closed connection without response'))"},"timestamp":"2026-06-16 09:26:21,098+0530","service":"FyersAPI"}
{"level":"ERROR","location":"[get_call:187] fyersModel","message":{"API":"/options-chain-v3","error":"('Connection aborted.', RemoteDisconnected('Remote end closed connection without response'))"},"timestamp":"2026-06-16 09:26:23,796+0530","service":"FyersAPI"}
{"level":"ERROR","location":"[get_call:187] fyersModel","message":{"API":"/options-chain-v3","error":"('Connection aborted.', RemoteDisconnected('Remote end closed connection without response'))"},"timestamp":"2026-06-16 09:26:23,797+0530","service":"FyersAPI"}
{"level":"ERROR","location":"[get_call:169] fyersModel","message":{"API":"/history","Error":{"code":-403,"message":"Additional permission required. Please edit the app and regenerate access token","s":"error"}},"timestamp":"2026-06-18 09:17:20,903+0530","service":"FyersAPI"}
{"level":"ERROR","location":"[get_call:169] fyersModel","message":{"API":"/history","Error":{"code":-403,"message":"Additional permission required. Please edit the app and regenerate access token","s":"error"}},"timestamp":"2026-06-18 09:17:42,688+0530","service":"FyersAPI"}
{"level":"ERROR","location":"[get_call:187] fyersModel","message":{"API":"/options-chain-v3","error":"('Connection aborted.', RemoteDisconnected('Remote end closed connection without response'))"},"timestamp":"2026-06-18 09:28:48,804+0530","service":"FyersAPI"}
{"level":"ERROR","location":"[get_call:187] fyersModel","message":{"API":"/options-chain-v3","error":"('Connection aborted.', RemoteDisconnected('Remote end closed connection without response'))"},"timestamp":"2026-06-18 09:29:45,950+0530","service":"FyersAPI"}
{"level":"ERROR","location":"[get_call:169] fyersModel","message":{"API":"/history","Error":{"code":-403,"message":"Additional permission required. Please edit the app and regenerate access token","s":"error"}},"timestamp":"2026-06-18 09:35:33,742+0530","service":"FyersAPI"}
{"level":"ERROR","location":"[get_call:169] fyersModel","message":{"API":"/history","Error":{"code":-403,"message":"Additional permission required. Please edit the app and regenerate access token","s":"error"}},"timestamp":"2026-06-18 09:35:48,872+0530","service":"FyersAPI"}
{"level":"ERROR","location":"[get_call:187] fyersModel","message":{"API":"/options-chain-v3","error":"Response ended prematurely"},"timestamp":"2026-06-18 09:37:51,302+0530","service":"FyersAPI"}
{"level":"ERROR","location":"[get_call:187] fyersModel","message":{"API":"/options-chain-v3","error":"('Connection aborted.', RemoteDisconnected('Remote end closed connection without response'))"},"timestamp":"2026-06-18 09:52:20,325+0530","service":"FyersAPI"}
{"level":"ERROR","location":"[get_call:169] fyersModel","message":{"API":"/history","Error":{"code":-403,"message":"Additional permission required. Please edit the app and regenerate access token","s":"error"}},"timestamp":"2026-06-18 09:57:18,442+0530","service":"FyersAPI"}
{"level":"ERROR","location":"[get_call:169] fyersModel","message":{"API":"/history","Error":{"code":-403,"message":"Additional permission required. Please edit the app and regenerate access token","s":"error"}},"timestamp":"2026-06-18 09:57:50,107+0530","service":"FyersAPI"}
{"level":"ERROR","location":"[get_call:169] fyersModel","message":{"API":"/history","Error":{"code":-403,"message":"Additional permission required. Please edit the app and regenerate access token","s":"error"}},"timestamp":"2026-06-18 10:10:03,862+0530","service":"FyersAPI"}
{"level":"ERROR","location":"[get_call:169] fyersModel","message":{"API":"/history","Error":{"code":-403,"message":"Additional permission required. Please edit the app and regenerate access token","s":"error"}},"timestamp":"2026-06-18 10:10:39,152+0530","service":"FyersAPI"}
{"level":"ERROR","location":"[get_call:169] fyersModel","message":{"API":"/history","Error":{"code":-403,"message":"Additional permission required. Please edit the app and regenerate access token","s":"error"}},"timestamp":"2026-06-18 10:15:19,797+0530","service":"FyersAPI"}
{"level":"ERROR","location":"[get_call:169] fyersModel","message":{"API":"/history","Error":{"code":-403,"message":"Additional permission required. Please edit the app and regenerate access token","s":"error"}},"timestamp":"2026-06-18 10:15:32,076+0530","service":"FyersAPI"}
{"level":"ERROR","location":"[get_call:169] fyersModel","message":{"API":"/history","Error":{"code":-403,"message":"Additional permission required. Please edit the app and regenerate access token","s":"error"}},"timestamp":"2026-06-19 09:23:45,239+0530","service":"FyersAPI"}
{"level":"ERROR","location":"[get_call:169] fyersModel","message":{"API":"/history","Error":{"code":-403,"message":"Additional permission required. Please edit the app and regenerate access token","s":"error"}},"timestamp":"2026-06-19 09:24:10,224+0530","service":"FyersAPI"}
{"level":"ERROR","location":"[get_call:169] fyersModel","message":{"API":"/history","Error":{"code":-403,"message":"Additional permission required. Please edit the app and regenerate access token","s":"error"}},"timestamp":"2026-06-19 09:25:52,155+0530","service":"FyersAPI"}
{"level":"ERROR","location":"[get_call:169] fyersModel","message":{"API":"/history","Error":{"code":-403,"message":"Additional permission required. Please edit the app and regenerate access token","s":"error"}},"timestamp":"2026-06-19 10:06:59,401+0530","service":"FyersAPI"}
{"level":"ERROR","location":"[get_call:187] fyersModel","message":{"API":"/options-chain-v3","error":"('Connection aborted.', RemoteDisconnected('Remote end closed connection without response'))"},"timestamp":"2026-06-19 10:16:01,471+0530","service":"FyersAPI"}
{"level":"ERROR","location":"[get_call:187] fyersModel","message":{"API":"/options-chain-v3","error":"('Connection aborted.', RemoteDisconnected('Remote end closed connection without response'))"},"timestamp":"2026-06-19 10:35:58,928+0530","service":"FyersAPI"}
{"level":"ERROR","location":"[get_call:169] fyersModel","message":{"API":"/history","Error":{"code":-403,"message":"Additional permission required. Please edit the app and regenerate access token","s":"error"}},"timestamp":"2026-06-19 11:19:01,255+0530","service":"FyersAPI"}
{"level":"ERROR","location":"[get_call:187] fyersModel","message":{"API":"/options-chain-v3","error":"('Connection aborted.', RemoteDisconnected('Remote end closed connection without response'))"},"timestamp":"2026-06-19 11:21:37,124+0530","service":"FyersAPI"}
{"level":"ERROR","location":"[get_call:187] fyersModel","message":{"API":"/options-chain-v3","error":"('Connection aborted.', RemoteDisconnected('Remote end closed connection without response'))"},"timestamp":"2026-06-19 11:31:45,100+0530","service":"FyersAPI"}
{"level":"ERROR","location":"[get_call:169] fyersModel","message":{"API":"/history","Error":{"code":-403,"message":"Additional permission required. Please edit the app and regenerate access token","s":"error"}},"timestamp":"2026-06-22 09:12:27,143+0530","service":"FyersAPI"}
{"level":"ERROR","location":"[get_call:169] fyersModel","message":{"API":"/history","Error":{"code":-403,"message":"Additional permission required. Please edit the app and regenerate access token","s":"error"}},"timestamp":"2026-06-22 09:12:58,151+0530","service":"FyersAPI"}
{"level":"ERROR","location":"[get_call:169] fyersModel","message":{"API":"/history","Error":{"code":-403,"message":"Additional permission required. Please edit the app and regenerate access token","s":"error"}},"timestamp":"2026-06-22 09:20:32,800+0530","service":"FyersAPI"}
{"level":"ERROR","location":"[get_call:169] fyersModel","message":{"API":"/history","Error":{"code":-403,"message":"Additional permission required. Please edit the app and regenerate access token","s":"error"}},"timestamp":"2026-06-22 09:22:33,502+0530","service":"FyersAPI"}
{"level":"ERROR","location":"[get_call:169] fyersModel","message":{"API":"/history","Error":{"code":-403,"message":"Additional permission required. Please edit the app and regenerate access token","s":"error"}},"timestamp":"2026-06-22 10:34:55,637+0530","service":"FyersAPI"}
{"level":"ERROR","location":"[get_call:169] fyersModel","message":{"API":"/history","Error":{"code":-50,"data":{"date_format":"epoch timestamps needed for range_from and range_to since date_format is 0","from":"from range cannot be greater than to range","range_from":"range_from cannot be greater than current date"},"message":"Invalid input","s":"error"}},"timestamp":"2026-06-23 09:34:13,052+0530","service":"FyersAPI"}
{"level":"ERROR","location":"[get_call:169] fyersModel","message":{"API":"/history","Error":{"code":-50,"data":{"date_format":"epoch timestamps needed for range_from and range_to since date_format is 0","from":"from range cannot be greater than to range","range_from":"range_from cannot be greater than current date"},"message":"Invalid input","s":"error"}},"timestamp":"2026-06-23 10:55:44,652+0530","service":"FyersAPI"}
{"level":"ERROR","location":"[get_call:169] fyersModel","message":{"API":"/history","Error":{"code":-50,"data":{"date_format":"epoch timestamps needed for range_from and range_to since date_format is 0","from":"from range cannot be greater than to range","range_from":"range_from cannot be greater than current date"},"message":"Invalid input","s":"error"}},"timestamp":"2026-06-24 13:59:33,706+0530","service":"FyersAPI"}
{"level":"ERROR","location":"[get_call:169] fyersModel","message":{"API":"/history","Error":{"code":-50,"data":{"date_format":"epoch timestamps needed for range_from and range_to since date_format is 0","from":"from range cannot be greater than to range","range_from":"range_from cannot be greater than current date"},"message":"Invalid input","s":"error"}},"timestamp":"2026-06-24 13:59:54,316+0530","service":"FyersAPI"}
{"level":"ERROR","location":"[get_call:169] fyersModel","message":{"API":"/history","Error":{"code":-50,"data":{"date_format":"epoch timestamps needed for range_from and range_to since date_format is 0","from":"from range cannot be greater than to range","range_from":"range_from cannot be greater than current date"},"message":"Invalid input","s":"error"}},"timestamp":"2026-06-24 14:02:36,256+0530","service":"FyersAPI"}
{"level":"ERROR","location":"[get_call:169] fyersModel","message":{"API":"/history","Error":{"code":-50,"data":{"date_format":"epoch timestamps needed for range_from and range_to since date_format is 0","from":"from range cannot be greater than to range","range_from":"range_from cannot be greater than current date"},"message":"Invalid input","s":"error"}},"timestamp":"2026-06-25 09:04:52,675+0530","service":"FyersAPI"}
{"level":"ERROR","location":"[get_call:169] fyersModel","message":{"API":"/history","Error":{"code":-50,"data":{"date_format":"epoch timestamps needed for range_from and range_to since date_format is 0","from":"from range cannot be greater than to range","range_from":"range_from cannot be greater than current date"},"message":"Invalid input","s":"error"}},"timestamp":"2026-06-25 09:05:13,398+0530","service":"FyersAPI"}
{"level":"ERROR","location":"[get_call:169] fyersModel","message":{"API":"/history","Error":{"code":-50,"data":{"date_format":"epoch timestamps needed for range_from and range_to since date_format is 0","from":"from range cannot be greater than to range","range_from":"range_from cannot be greater than current date"},"message":"Invalid input","s":"error"}},"timestamp":"2026-06-29 09:36:08,610+0530","service":"FyersAPI"}
{"level":"ERROR","location":"[get_call:169] fyersModel","message":{"API":"/history","Error":{"code":-50,"data":{"date_format":"epoch timestamps needed for range_from and range_to since date_format is 0","from":"from range cannot be greater than to range","range_from":"range_from cannot be greater than current date"},"message":"Invalid input","s":"error"}},"timestamp":"2026-06-29 09:36:29,291+0530","service":"FyersAPI"}
{"level":"ERROR","location":"[get_call:169] fyersModel","message":{"API":"/history","Error":{"code":-50,"data":{"date_format":"epoch timestamps needed for range_from and range_to since date_format is 0","from":"from range cannot be greater than to range","range_from":"range_from cannot be greater than current date"},"message":"Invalid input","s":"error"}},"timestamp":"2026-06-29 09:37:09,843+0530","service":"FyersAPI"}
{"level":"ERROR","location":"[get_call:169] fyersModel","message":{"API":"/history","Error":{"code":-50,"data":{"date_format":"epoch timestamps needed for range_from and range_to since date_format is 0","from":"from range cannot be greater than to range","range_from":"range_from cannot be greater than current date"},"message":"Invalid input","s":"error"}},"timestamp":"2026-06-30 09:21:33,757+0530","service":"FyersAPI"}
{"level":"ERROR","location":"[get_call:169] fyersModel","message":{"API":"/history","Error":{"code":-50,"data":{"date_format":"epoch timestamps needed for range_from and range_to since date_format is 0","from":"from range cannot be greater than to range","range_from":"range_from cannot be greater than current date"},"message":"Invalid input","s":"error"}},"timestamp":"2026-06-30 09:27:45,040+0530","service":"FyersAPI"}
{"level":"ERROR","location":"[get_call:169] fyersModel","message":{"API":"/history","Error":{"code":-50,"data":{"date_format":"epoch timestamps needed for range_from and range_to since date_format is 0","from":"from range cannot be greater than to range","range_from":"range_from cannot be greater than current date"},"message":"Invalid input","s":"error"}},"timestamp":"2026-06-30 09:53:46,564+0530","service":"FyersAPI"}
{"level":"ERROR","location":"[get_call:169] fyersModel","message":{"API":"/history","Error":{"code":-50,"data":{"date_format":"epoch timestamps needed for range_from and range_to since date_format is 0","from":"from range cannot be greater than to range","range_from":"range_from cannot be greater than current date"},"message":"Invalid input","s":"error"}},"timestamp":"2026-06-30 10:02:38,962+0530","service":"FyersAPI"}
{"level":"ERROR","location":"[get_call:169] fyersModel","message":{"API":"/history","Error":{"code":-50,"data":{"date_format":"epoch timestamps needed for range_from and range_to since date_format is 0","from":"from range cannot be greater than to range","range_from":"range_from cannot be greater than current date"},"message":"Invalid input","s":"error"}},"timestamp":"2026-06-30 10:03:55,224+0530","service":"FyersAPI"}
{"level":"ERROR","location":"[get_call:169] fyersModel","message":{"API":"/history","Error":{"code":-50,"data":{"date_format":"epoch timestamps needed for range_from and range_to since date_format is 0","from":"from range cannot be greater than to range","range_from":"range_from cannot be greater than current date"},"message":"Invalid input","s":"error"}},"timestamp":"2026-06-30 10:17:42,215+0530","service":"FyersAPI"}
{"level":"ERROR","location":"[get_call:169] fyersModel","message":{"API":"/history","Error":{"code":-50,"data":{"date_format":"epoch timestamps needed for range_from and range_to since date_format is 0","from":"from range cannot be greater than to range","range_from":"range_from cannot be greater than current date"},"message":"Invalid input","s":"error"}},"timestamp":"2026-06-30 10:27:24,154+0530","service":"FyersAPI"}
{"level":"ERROR","location":"[get_call:169] fyersModel","message":{"API":"/history","Error":{"code":-50,"data":{"date_format":"epoch timestamps needed for range_from and range_to since date_format is 0","from":"from range cannot be greater than to range","range_from":"range_from cannot be greater than current date"},"message":"Invalid input","s":"error"}},"timestamp":"2026-07-02 09:43:18,411+0530","service":"FyersAPI"}
{"level":"ERROR","location":"[get_call:169] fyersModel","message":{"API":"/history","Error":{"code":-50,"data":{"date_format":"epoch timestamps needed for range_from and range_to since date_format is 0","from":"from range cannot be greater than to range","range_from":"range_from cannot be greater than current date"},"message":"Invalid input","s":"error"}},"timestamp":"2026-07-02 09:43:29,808+0530","service":"FyersAPI"}
{"level":"ERROR","location":"[get_call:169] fyersModel","message":{"API":"/history","Error":{"code":-50,"data":{"date_format":"epoch timestamps needed for range_from and range_to since date_format is 0","from":"from range cannot be greater than to range","range_from":"range_from cannot be greater than current date"},"message":"Invalid input","s":"error"}},"timestamp":"2026-07-02 09:43:40,890+0530","service":"FyersAPI"}
{"level":"ERROR","location":"[get_call:169] fyersModel","message":{"API":"/history","Error":{"code":-50,"data":{"date_format":"epoch timestamps needed for range_from and range_to since date_format is 0","from":"from range cannot be greater than to range","range_from":"range_from cannot be greater than current date"},"message":"Invalid input","s":"error"}},"timestamp":"2026-07-02 09:43:41,379+0530","service":"FyersAPI"}
{"level":"ERROR","location":"[get_call:169] fyersModel","message":{"API":"/history","Error":{"code":-50,"data":{"date_format":"epoch timestamps needed for range_from and range_to since date_format is 0","from":"from range cannot be greater than to range","range_from":"range_from cannot be greater than current date"},"message":"Invalid input","s":"error"}},"timestamp":"2026-07-02 09:56:44,338+0530","service":"FyersAPI"}
{"level":"ERROR","location":"[get_call:169] fyersModel","message":{"API":"/history","Error":{"code":-50,"data":{"date_format":"epoch timestamps needed for range_from and range_to since date_format is 0","from":"from range cannot be greater than to range","range_from":"range_from cannot be greater than current date"},"message":"Invalid input","s":"error"}},"timestamp":"2026-07-02 09:56:55,022+0530","service":"FyersAPI"}
{"level":"ERROR","location":"[get_call:169] fyersModel","message":{"API":"/history","Error":{"code":-50,"data":{"date_format":"epoch timestamps needed for range_from and range_to since date_format is 0","from":"from range cannot be greater than to range","range_from":"range_from cannot be greater than current date"},"message":"Invalid input","s":"error"}},"timestamp":"2026-07-02 09:57:45,709+0530","service":"FyersAPI"}
{"level":"ERROR","location":"[get_call:169] fyersModel","message":{"API":"/history","Error":{"code":-50,"data":{"date_format":"epoch timestamps needed for range_from and range_to since date_format is 0","from":"from range cannot be greater than to range","range_from":"range_from cannot be greater than current date"},"message":"Invalid input","s":"error"}},"timestamp":"2026-07-02 09:57:56,607+0530","service":"FyersAPI"}
{"level":"ERROR","location":"[get_call:169] fyersModel","message":{"API":"/history","Error":{"code":-50,"data":{"date_format":"epoch timestamps needed for range_from and range_to since date_format is 0","from":"from range cannot be greater than to range","range_from":"range_from cannot be greater than current date"},"message":"Invalid input","s":"error"}},"timestamp":"2026-07-02 09:58:07,565+0530","service":"FyersAPI"}
{"level":"ERROR","location":"[get_call:169] fyersModel","message":{"API":"/history","Error":{"code":-50,"data":{"date_format":"epoch timestamps needed for range_from and range_to since date_format is 0","from":"from range cannot be greater than to range","range_from":"range_from cannot be greater than current date"},"message":"Invalid input","s":"error"}},"timestamp":"2026-07-02 09:58:18,142+0530","service":"FyersAPI"}
{"level":"ERROR","location":"[get_call:169] fyersModel","message":{"API":"/history","Error":{"code":-50,"data":{"date_format":"epoch timestamps needed for range_from and range_to since date_format is 0","from":"from range cannot be greater than to range","range_from":"range_from cannot be greater than current date"},"message":"Invalid input","s":"error"}},"timestamp":"2026-07-02 09:59:58,462+0530","service":"FyersAPI"}
{"level":"ERROR","location":"[get_call:169] fyersModel","message":{"API":"/history","Error":{"code":-50,"data":{"date_format":"epoch timestamps needed for range_from and range_to since date_format is 0","from":"from range cannot be greater than to range","range_from":"range_from cannot be greater than current date"},"message":"Invalid input","s":"error"}},"timestamp":"2026-07-02 10:00:09,131+0530","service":"FyersAPI"}
{"level":"ERROR","location":"[get_call:169] fyersModel","message":{"API":"/history","Error":{"code":-50,"data":{"date_format":"epoch timestamps needed for range_from and range_to since date_format is 0","from":"from range cannot be greater than to range","range_from":"range_from cannot be greater than current date"},"message":"Invalid input","s":"error"}},"timestamp":"2026-07-02 10:00:29,711+0530","service":"FyersAPI"}
{"level":"ERROR","location":"[get_call:169] fyersModel","message":{"API":"/history","Error":{"code":-50,"data":{"date_format":"epoch timestamps needed for range_from and range_to since date_format is 0","from":"from range cannot be greater than to range","range_from":"range_from cannot be greater than current date"},"message":"Invalid input","s":"error"}},"timestamp":"2026-07-02 11:48:00,372+0530","service":"FyersAPI"}
{"level":"ERROR","location":"[get_call:169] fyersModel","message":{"API":"/history","Error":{"code":-50,"data":{"date_format":"epoch timestamps needed for range_from and range_to since date_format is 0","from":"from range cannot be greater than to range","range_from":"range_from cannot be greater than current date"},"message":"Invalid input","s":"error"}},"timestamp":"2026-07-02 11:48:11,322+0530","service":"FyersAPI"}
{"level":"ERROR","location":"[get_call:169] fyersModel","message":{"API":"/history","Error":{"code":-50,"data":{"date_format":"epoch timestamps needed for range_from and range_to since date_format is 0","from":"from range cannot be greater than to range","range_from":"range_from cannot be greater than current date"},"message":"Invalid input","s":"error"}},"timestamp":"2026-07-02 11:48:22,340+0530","service":"FyersAPI"}
{"level":"ERROR","location":"[get_call:169] fyersModel","message":{"API":"/history","Error":{"code":-50,"data":{"date_format":"epoch timestamps needed for range_from and range_to since date_format is 0","from":"from range cannot be greater than to range","range_from":"range_from cannot be greater than current date"},"message":"Invalid input","s":"error"}},"timestamp":"2026-07-02 11:49:02,957+0530","service":"FyersAPI"}
{"level":"ERROR","location":"[get_call:169] fyersModel","message":{"API":"/history","Error":{"code":-50,"data":{"date_format":"epoch timestamps needed for range_from and range_to since date_format is 0","from":"from range cannot be greater than to range","range_from":"range_from cannot be greater than current date"},"message":"Invalid input","s":"error"}},"timestamp":"2026-07-02 11:56:43,962+0530","service":"FyersAPI"}
{"level":"ERROR","location":"[get_call:169] fyersModel","message":{"API":"/history","Error":{"code":-50,"data":{"date_format":"epoch timestamps needed for range_from and range_to since date_format is 0","from":"from range cannot be greater than to range","range_from":"range_from cannot be greater than current date"},"message":"Invalid input","s":"error"}},"timestamp":"2026-07-02 12:24:06,437+0530","service":"FyersAPI"}
{"level":"ERROR","location":"[get_call:169] fyersModel","message":{"API":"/history","Error":{"code":-50,"data":{"date_format":"epoch timestamps needed for range_from and range_to since date_format is 0","from":"from range cannot be greater than to range","range_from":"range_from cannot be greater than current date"},"message":"Invalid input","s":"error"}},"timestamp":"2026-07-02 12:30:57,571+0530","service":"FyersAPI"}
{"level":"ERROR","location":"[get_call:169] fyersModel","message":{"API":"/history","Error":{"code":-50,"data":{"date_format":"epoch timestamps needed for range_from and range_to since date_format is 0","from":"from range cannot be greater than to range","range_from":"range_from cannot be greater than current date"},"message":"Invalid input","s":"error"}},"timestamp":"2026-07-07 11:22:49,663+0530","service":"FyersAPI"}
{"level":"ERROR","location":"[get_call:169] fyersModel","message":{"API":"/history","Error":{"code":-50,"data":{"date_format":"epoch timestamps needed for range_from and range_to since date_format is 0","from":"from range cannot be greater than to range","range_from":"range_from cannot be greater than current date"},"message":"Invalid input","s":"error"}},"timestamp":"2026-07-07 11:23:01,768+0530","service":"FyersAPI"}
{"level":"ERROR","location":"[get_call:187] fyersModel","message":{"API":"/options-chain-v3","error":"('Connection aborted.', RemoteDisconnected('Remote end closed connection without response'))"},"timestamp":"2026-07-07 11:26:44,151+0530","service":"FyersAPI"}
{"level":"ERROR","location":"[get_call:187] fyersModel","message":{"API":"/options-chain-v3","error":"HTTPSConnectionPool(host='api-t1.fyers.in', port=443): Max retries exceeded with url: /data/options-chain-v3?symbol=NSE%3ANIFTY50-INDEX&strikecount=10 (Caused by SSLError(SSLError(1, '[SSL: SSLV3_ALERT_BAD_RECORD_MAC] sslv3 alert bad record mac (_ssl.c:2536)')))"},"timestamp":"2026-07-07 11:32:46,323+0530","service":"FyersAPI"}
{"level":"ERROR","location":"[get_call:187] fyersModel","message":{"API":"/options-chain-v3","error":"('Connection aborted.', RemoteDisconnected('Remote end closed connection without response'))"},"timestamp":"2026-07-07 11:44:34,155+0530","service":"FyersAPI"}
{"level":"ERROR","location":"[get_call:187] fyersModel","message":{"API":"/options-chain-v3","error":"('Connection aborted.', RemoteDisconnected('Remote end closed connection without response'))"},"timestamp":"2026-07-07 11:48:25,978+0530","service":"FyersAPI"}
{"level":"ERROR","location":"[get_call:187] fyersModel","message":{"API":"/options-chain-v3","error":"('Connection aborted.', RemoteDisconnected('Remote end closed connection without response'))"},"timestamp":"2026-07-07 11:49:14,293+0530","service":"FyersAPI"}
{"level":"ERROR","location":"[get_call:187] fyersModel","message":{"API":"/options-chain-v3","error":"('Connection aborted.', RemoteDisconnected('Remote end closed connection without response'))"},"timestamp":"2026-07-07 12:06:23,053+0530","service":"FyersAPI"}
{"level":"ERROR","location":"[get_call:187] fyersModel","message":{"API":"/options-chain-v3","error":"('Connection aborted.', RemoteDisconnected('Remote end closed connection without response'))"},"timestamp":"2026-07-07 12:15:48,106+0530","service":"FyersAPI"}
{"level":"ERROR","location":"[get_call:169] fyersModel","message":{"API":"/options-chain-v3","Error":{"message":"request limit reached","code":429,"s":"error"}},"timestamp":"2026-07-07 12:15:52,142+0530","service":"FyersAPI"}
{"level":"ERROR","location":"[get_call:169] fyersModel","message":{"API":"/options-chain-v3","Error":{"message":"request limit reached","code":429,"s":"error"}},"timestamp":"2026-07-07 12:15:52,237+0530","service":"FyersAPI"}
{"level":"ERROR","location":"[get_call:169] fyersModel","message":{"API":"/options-chain-v3","Error":{"message":"request limit reached","code":429,"s":"error"}},"timestamp":"2026-07-07 12:15:52,238+0530","service":"FyersAPI"}
{"level":"ERROR","location":"[get_call:169] fyersModel","message":{"API":"/options-chain-v3","Error":{"message":"request limit reached","code":429,"s":"error"}},"timestamp":"2026-07-07 12:15:52,239+0530","service":"FyersAPI"}
{"level":"ERROR","location":"[get_call:187] fyersModel","message":{"API":"/options-chain-v3","error":"HTTPSConnectionPool(host='api-t1.fyers.in', port=443): Max retries exceeded with url: /data/options-chain-v3?symbol=NSE%3ANIFTY50-INDEX&strikecount=10 (Caused by SSLError(SSLError(1, '[SSL: SSLV3_ALERT_BAD_RECORD_MAC] sslv3 alert bad record mac (_ssl.c:2536)')))"},"timestamp":"2026-07-07 12:26:02,649+0530","service":"FyersAPI"}
{"level":"ERROR","location":"[get_call:187] fyersModel","message":{"API":"/options-chain-v3","error":"('Connection aborted.', RemoteDisconnected('Remote end closed connection without response'))"},"timestamp":"2026-07-07 12:47:07,622+0530","service":"FyersAPI"}
{"level":"ERROR","location":"[get_call:187] fyersModel","message":{"API":"/options-chain-v3","error":"HTTPSConnectionPool(host='api-t1.fyers.in', port=443): Max retries exceeded with url: /data/options-chain-v3?symbol=NSE%3ANIFTY50-INDEX&strikecount=10 (Caused by NameResolutionError(\"HTTPSConnection(host='api-t1.fyers.in', port=443): Failed to resolve 'api-t1.fyers.in' ([Errno 11001] getaddrinfo failed)\"))"},"timestamp":"2026-07-07 12:47:07,657+0530","service":"FyersAPI"}
{"level":"ERROR","location":"[get_call:187] fyersModel","message":{"API":"/options-chain-v3","error":"HTTPSConnectionPool(host='api-t1.fyers.in', port=443): Max retries exceeded with url: /data/options-chain-v3?symbol=NSE%3ANIFTY50-INDEX&strikecount=10 (Caused by NameResolutionError(\"HTTPSConnection(host='api-t1.fyers.in', port=443): Failed to resolve 'api-t1.fyers.in' ([Errno 11001] getaddrinfo failed)\"))"},"timestamp":"2026-07-07 12:47:07,662+0530","service":"FyersAPI"}
{"level":"ERROR","location":"[get_call:187] fyersModel","message":{"API":"/options-chain-v3","error":"HTTPSConnectionPool(host='api-t1.fyers.in', port=443): Max retries exceeded with url: /data/options-chain-v3?symbol=NSE%3ANIFTY50-INDEX&strikecount=10 (Caused by NameResolutionError(\"HTTPSConnection(host='api-t1.fyers.in', port=443): Failed to resolve 'api-t1.fyers.in' ([Errno 11001] getaddrinfo failed)\"))"},"timestamp":"2026-07-07 12:47:07,668+0530","service":"FyersAPI"}
{"level":"ERROR","location":"[get_call:187] fyersModel","message":{"API":"/options-chain-v3","error":"HTTPSConnectionPool(host='api-t1.fyers.in', port=443): Max retries exceeded with url: /data/options-chain-v3?symbol=NSE%3ANIFTY50-INDEX&strikecount=10 (Caused by NameResolutionError(\"HTTPSConnection(host='api-t1.fyers.in', port=443): Failed to resolve 'api-t1.fyers.in' ([Errno 11001] getaddrinfo failed)\"))"},"timestamp":"2026-07-07 12:47:07,674+0530","service":"FyersAPI"}
{"level":"ERROR","location":"[get_call:187] fyersModel","message":{"API":"/options-chain-v3","error":"HTTPSConnectionPool(host='api-t1.fyers.in', port=443): Max retries exceeded with url: /data/options-chain-v3?symbol=NSE%3ANIFTY50-INDEX&strikecount=10 (Caused by NameResolutionError(\"HTTPSConnection(host='api-t1.fyers.in', port=443): Failed to resolve 'api-t1.fyers.in' ([Errno 11001] getaddrinfo failed)\"))"},"timestamp":"2026-07-07 12:47:07,679+0530","service":"FyersAPI"}
{"level":"ERROR","location":"[get_call:187] fyersModel","message":{"API":"/options-chain-v3","error":"HTTPSConnectionPool(host='api-t1.fyers.in', port=443): Max retries exceeded with url: /data/options-chain-v3?symbol=NSE%3ANIFTY50-INDEX&strikecount=10 (Caused by NameResolutionError(\"HTTPSConnection(host='api-t1.fyers.in', port=443): Failed to resolve 'api-t1.fyers.in' ([Errno 11001] getaddrinfo failed)\"))"},"timestamp":"2026-07-07 12:47:07,684+0530","service":"FyersAPI"}
{"level":"ERROR","location":"[get_call:187] fyersModel","message":{"API":"/options-chain-v3","error":"HTTPSConnectionPool(host='api-t1.fyers.in', port=443): Max retries exceeded with url: /data/options-chain-v3?symbol=NSE%3ANIFTY50-INDEX&strikecount=10 (Caused by NameResolutionError(\"HTTPSConnection(host='api-t1.fyers.in', port=443): Failed to resolve 'api-t1.fyers.in' ([Errno 11001] getaddrinfo failed)\"))"},"timestamp":"2026-07-07 12:47:07,689+0530","service":"FyersAPI"}
{"level":"ERROR","location":"[get_call:187] fyersModel","message":{"API":"/options-chain-v3","error":"HTTPSConnectionPool(host='api-t1.fyers.in', port=443): Max retries exceeded with url: /data/options-chain-v3?symbol=NSE%3ANIFTY50-INDEX&strikecount=10 (Caused by NameResolutionError(\"HTTPSConnection(host='api-t1.fyers.in', port=443): Failed to resolve 'api-t1.fyers.in' ([Errno 11001] getaddrinfo failed)\"))"},"timestamp":"2026-07-07 12:47:07,695+0530","service":"FyersAPI"}
{"level":"ERROR","location":"[get_call:187] fyersModel","message":{"API":"/options-chain-v3","error":"HTTPSConnectionPool(host='api-t1.fyers.in', port=443): Max retries exceeded with url: /data/options-chain-v3?symbol=NSE%3ANIFTY50-INDEX&strikecount=10 (Caused by NameResolutionError(\"HTTPSConnection(host='api-t1.fyers.in', port=443): Failed to resolve 'api-t1.fyers.in' ([Errno 11001] getaddrinfo failed)\"))"},"timestamp":"2026-07-07 12:47:07,700+0530","service":"FyersAPI"}
{"level":"ERROR","location":"[get_call:187] fyersModel","message":{"API":"/options-chain-v3","error":"HTTPSConnectionPool(host='api-t1.fyers.in', port=443): Max retries exceeded with url: /data/options-chain-v3?symbol=NSE%3ANIFTY50-INDEX&strikecount=10 (Caused by NameResolutionError(\"HTTPSConnection(host='api-t1.fyers.in', port=443): Failed to resolve 'api-t1.fyers.in' ([Errno 11001] getaddrinfo failed)\"))"},"timestamp":"2026-07-07 12:47:07,706+0530","service":"FyersAPI"}
{"level":"ERROR","location":"[get_call:187] fyersModel","message":{"API":"/options-chain-v3","error":"HTTPSConnectionPool(host='api-t1.fyers.in', port=443): Max retries exceeded with url: /data/options-chain-v3?symbol=NSE%3ANIFTY50-INDEX&strikecount=10 (Caused by NameResolutionError(\"HTTPSConnection(host='api-t1.fyers.in', port=443): Failed to resolve 'api-t1.fyers.in' ([Errno 11001] getaddrinfo failed)\"))"},"timestamp":"2026-07-07 12:47:11,027+0530","service":"FyersAPI"}
{"level":"ERROR","location":"[get_call:187] fyersModel","message":{"API":"/options-chain-v3","error":"HTTPSConnectionPool(host='api-t1.fyers.in', port=443): Max retries exceeded with url: /data/options-chain-v3?symbol=NSE%3ANIFTY50-INDEX&strikecount=10 (Caused by NameResolutionError(\"HTTPSConnection(host='api-t1.fyers.in', port=443): Failed to resolve 'api-t1.fyers.in' ([Errno 11001] getaddrinfo failed)\"))"},"timestamp":"2026-07-07 12:47:11,037+0530","service":"FyersAPI"}
{"level":"ERROR","location":"[get_call:187] fyersModel","message":{"API":"/options-chain-v3","error":"HTTPSConnectionPool(host='api-t1.fyers.in', port=443): Max retries exceeded with url: /data/options-chain-v3?symbol=NSE%3ANIFTY50-INDEX&strikecount=10 (Caused by NameResolutionError(\"HTTPSConnection(host='api-t1.fyers.in', port=443): Failed to resolve 'api-t1.fyers.in' ([Errno 11001] getaddrinfo failed)\"))"},"timestamp":"2026-07-07 12:47:15,027+0530","service":"FyersAPI"}
{"level":"ERROR","location":"[get_call:187] fyersModel","message":{"API":"/options-chain-v3","error":"HTTPSConnectionPool(host='api-t1.fyers.in', port=443): Max retries exceeded with url: /data/options-chain-v3?symbol=NSE%3ANIFTY50-INDEX&strikecount=10 (Caused by NameResolutionError(\"HTTPSConnection(host='api-t1.fyers.in', port=443): Failed to resolve 'api-t1.fyers.in' ([Errno 11001] getaddrinfo failed)\"))"},"timestamp":"2026-07-07 12:47:15,032+0530","service":"FyersAPI"}
{"level":"ERROR","location":"[get_call:187] fyersModel","message":{"API":"/options-chain-v3","error":"HTTPSConnectionPool(host='api-t1.fyers.in', port=443): Max retries exceeded with url: /data/options-chain-v3?symbol=NSE%3ANIFTY50-INDEX&strikecount=10 (Caused by NameResolutionError(\"HTTPSConnection(host='api-t1.fyers.in', port=443): Failed to resolve 'api-t1.fyers.in' ([Errno 11001] getaddrinfo failed)\"))"},"timestamp":"2026-07-07 12:47:19,023+0530","service":"FyersAPI"}
{"level":"ERROR","location":"[get_call:187] fyersModel","message":{"API":"/options-chain-v3","error":"HTTPSConnectionPool(host='api-t1.fyers.in', port=443): Max retries exceeded with url: /data/options-chain-v3?symbol=NSE%3ANIFTY50-INDEX&strikecount=10 (Caused by NameResolutionError(\"HTTPSConnection(host='api-t1.fyers.in', port=443): Failed to resolve 'api-t1.fyers.in' ([Errno 11001] getaddrinfo failed)\"))"},"timestamp":"2026-07-07 12:47:19,029+0530","service":"FyersAPI"}
{"level":"ERROR","location":"[get_call:187] fyersModel","message":{"API":"/options-chain-v3","error":"HTTPSConnectionPool(host='api-t1.fyers.in', port=443): Max retries exceeded with url: /data/options-chain-v3?symbol=NSE%3ANIFTY50-INDEX&strikecount=10 (Caused by NameResolutionError(\"HTTPSConnection(host='api-t1.fyers.in', port=443): Failed to resolve 'api-t1.fyers.in' ([Errno 11001] getaddrinfo failed)\"))"},"timestamp":"2026-07-07 12:47:23,029+0530","service":"FyersAPI"}
{"level":"ERROR","location":"[get_call:187] fyersModel","message":{"API":"/options-chain-v3","error":"HTTPSConnectionPool(host='api-t1.fyers.in', port=443): Max retries exceeded with url: /data/options-chain-v3?symbol=NSE%3ANIFTY50-INDEX&strikecount=10 (Caused by NameResolutionError(\"HTTPSConnection(host='api-t1.fyers.in', port=443): Failed to resolve 'api-t1.fyers.in' ([Errno 11001] getaddrinfo failed)\"))"},"timestamp":"2026-07-07 12:47:23,035+0530","service":"FyersAPI"}
{"level":"ERROR","location":"[get_call:187] fyersModel","message":{"API":"/options-chain-v3","error":"('Connection aborted.', RemoteDisconnected('Remote end closed connection without response'))"},"timestamp":"2026-07-07 12:47:26,280+0530","service":"FyersAPI"}
{"level":"ERROR","location":"[get_call:187] fyersModel","message":{"API":"/options-chain-v3","error":"HTTPSConnectionPool(host='api-t1.fyers.in', port=443): Max retries exceeded with url: /data/options-chain-v3?symbol=NSE%3ANIFTY50-INDEX&strikecount=10 (Caused by NameResolutionError(\"HTTPSConnection(host='api-t1.fyers.in', port=443): Failed to resolve 'api-t1.fyers.in' ([Errno 11001] getaddrinfo failed)\"))"},"timestamp":"2026-07-07 12:47:27,020+0530","service":"FyersAPI"}
{"level":"ERROR","location":"[get_call:187] fyersModel","message":{"API":"/options-chain-v3","error":"HTTPSConnectionPool(host='api-t1.fyers.in', port=443): Max retries exceeded with url: /data/options-chain-v3?symbol=NSE%3ANIFTY50-INDEX&strikecount=10 (Caused by NameResolutionError(\"HTTPSConnection(host='api-t1.fyers.in', port=443): Failed to resolve 'api-t1.fyers.in' ([Errno 11001] getaddrinfo failed)\"))"},"timestamp":"2026-07-07 12:47:27,030+0530","service":"FyersAPI"}
{"level":"ERROR","location":"[get_call:169] fyersModel","message":{"API":"/history","Error":{"code":-50,"data":{"date_format":"epoch timestamps needed for range_from and range_to since date_format is 0","from":"from range cannot be greater than to range","range_from":"range_from cannot be greater than current date"},"message":"Invalid input","s":"error"}},"timestamp":"2026-07-07 22:00:15,405+0530","service":"FyersAPI"}
{"level":"ERROR","location":"[get_call:169] fyersModel","message":{"API":"/history","Error":{"code":-50,"data":{"date_format":"epoch timestamps needed for range_from and range_to since date_format is 0","from":"from range cannot be greater than to range","range_from":"range_from cannot be greater than current date"},"message":"Invalid input","s":"error"}},"timestamp":"2026-07-07 22:00:36,435+0530","service":"FyersAPI"}
{"level":"ERROR","location":"[get_call:169] fyersModel","message":{"API":"/history","Error":{"code":-50,"data":{"date_format":"epoch timestamps needed for range_from and range_to since date_format is 0","from":"from range cannot be greater than to range","range_from":"range_from cannot be greater than current date"},"message":"Invalid input","s":"error"}},"timestamp":"2026-07-09 09:30:03,641+0530","service":"FyersAPI"}
{"level":"ERROR","location":"[get_call:169] fyersModel","message":{"API":"/history","Error":{"code":-50,"data":{"date_format":"epoch timestamps needed for range_from and range_to since date_format is 0","from":"from range cannot be greater than to range","range_from":"range_from cannot be greater than current date"},"message":"Invalid input","s":"error"}},"timestamp":"2026-07-09 09:30:14,400+0530","service":"FyersAPI"}
{"level":"ERROR","location":"[get_call:169] fyersModel","message":{"API":"/history","Error":{"code":-50,"data":{"date_format":"epoch timestamps needed for range_from and range_to since date_format is 0","from":"from range cannot be greater than to range","range_from":"range_from cannot be greater than current date"},"message":"Invalid input","s":"error"}},"timestamp":"2026-07-09 09:30:25,023+0530","service":"FyersAPI"}
{"level":"ERROR","location":"[get_call:169] fyersModel","message":{"API":"/history","Error":{"code":-50,"data":{"date_format":"epoch timestamps needed for range_from and range_to since date_format is 0","from":"from range cannot be greater than to range","range_from":"range_from cannot be greater than current date"},"message":"Invalid input","s":"error"}},"timestamp":"2026-07-09 11:45:12,774+0530","service":"FyersAPI"}
{"level":"ERROR","location":"[get_call:169] fyersModel","message":{"API":"/history","Error":{"code":-50,"data":{"date_format":"epoch timestamps needed for range_from and range_to since date_format is 0","from":"from range cannot be greater than to range","range_from":"range_from cannot be greater than current date"},"message":"Invalid input","s":"error"}},"timestamp":"2026-07-09 11:45:27,568+0530","service":"FyersAPI"}
{"level":"ERROR","location":"[get_call:169] fyersModel","message":{"API":"/history","Error":{"code":-50,"data":{"date_format":"epoch timestamps needed for range_from and range_to since date_format is 0","from":"from range cannot be greater than to range","range_from":"range_from cannot be greater than current date"},"message":"Invalid input","s":"error"}},"timestamp":"2026-07-09 11:45:43,897+0530","service":"FyersAPI"}
{"level":"ERROR","location":"[get_call:187] fyersModel","message":{"API":"/options-chain-v3","error":"('Connection aborted.', RemoteDisconnected('Remote end closed connection without response'))"},"timestamp":"2026-07-09 11:51:33,796+0530","service":"FyersAPI"}
{"level":"ERROR","location":"[get_call:169] fyersModel","message":{"API":"/history","Error":{"code":-50,"data":{"date_format":"epoch timestamps needed for range_from and range_to since date_format is 0","from":"from range cannot be greater than to range","range_from":"range_from cannot be greater than current date"},"message":"Invalid input","s":"error"}},"timestamp":"2026-07-10 10:58:43,347+0530","service":"FyersAPI"}
